

Version:	3.9
CmdLine:	C:\COMP CLASSES\UW Autumn 2016\CSS-584\Assignments\Assignment 1\CBIR.exe --l4j-debug
WOW64:		yes
Working dir:	C:\COMP CLASSES\UW Autumn 2016\CSS-584\Assignments\Assignment 1\.
64-bit search:	SOFTWARE\JavaSoft\Java Runtime Environment...
Check:		SOFTWARE\JavaSoft\Java Runtime Environment\1.8
Check launcher:	C:\Program Files\Java\jre1.8.0_60\bin\javaw.exe (OK)
Match:		1.8
Check:		SOFTWARE\JavaSoft\Java Runtime Environment\1.8.0_60
Check launcher:	C:\Program Files\Java\jre1.8.0_60\bin\javaw.exe (OK)
Match:		1.8.0_060
64-bit search:	SOFTWARE\JavaSoft\Java Development Kit...
Check:		SOFTWARE\JavaSoft\Java Development Kit\1.8
Ignore:		1.8
Check:		SOFTWARE\JavaSoft\Java Development Kit\1.8.0_60
Ignore:		1.8.0_060
Runtime used:	1.8.0_060 (64-bit)
Launcher:	C:\Program Files\Java\jre1.8.0_60\bin\javaw.exe
Launcher args:	-jar "C:\COMP CLASSES\UW Autumn 2016\CSS-584\Assignments\Assignment 1\CBIR.exe"
Args length:	79/32768 chars
Exit code:	0


Version:	3.9
CmdLine:	C:\COMP CLASSES\UW Autumn 2016\CSS-584\Assignments\Assignment 1\CBIR.exe --l4j-debug
WOW64:		yes
Working dir:	C:\COMP CLASSES\UW Autumn 2016\CSS-584\Assignments\Assignment 1\.
64-bit search:	SOFTWARE\JavaSoft\Java Runtime Environment...
Check:		SOFTWARE\JavaSoft\Java Runtime Environment\1.8
Check launcher:	C:\Program Files\Java\jre1.8.0_60\bin\javaw.exe (OK)
Match:		1.8
Check:		SOFTWARE\JavaSoft\Java Runtime Environment\1.8.0_60
Check launcher:	C:\Program Files\Java\jre1.8.0_60\bin\javaw.exe (OK)
Match:		1.8.0_060
64-bit search:	SOFTWARE\JavaSoft\Java Development Kit...
Check:		SOFTWARE\JavaSoft\Java Development Kit\1.8
Ignore:		1.8
Check:		SOFTWARE\JavaSoft\Java Development Kit\1.8.0_60
Ignore:		1.8.0_060
Runtime used:	1.8.0_060 (64-bit)
Launcher:	C:\Program Files\Java\jre1.8.0_60\bin\javaw.exe
Launcher args:	-jar "C:\COMP CLASSES\UW Autumn 2016\CSS-584\Assignments\Assignment 1\CBIR.exe"
Args length:	79/32768 chars
Exit code:	0


Version:	3.9
CmdLine:	C:\COMP CLASSES\UW Autumn 2016\CSS-584\Assignments\Assignment 1\CBIR.exe --l4j-debug
WOW64:		yes
Working dir:	C:\COMP CLASSES\UW Autumn 2016\CSS-584\Assignments\Assignment 1\.
64-bit search:	SOFTWARE\JavaSoft\Java Runtime Environment...
Check:		SOFTWARE\JavaSoft\Java Runtime Environment\1.8
Check launcher:	C:\Program Files\Java\jre1.8.0_60\bin\javaw.exe (OK)
Match:		1.8
Check:		SOFTWARE\JavaSoft\Java Runtime Environment\1.8.0_60
Check launcher:	C:\Program Files\Java\jre1.8.0_60\bin\javaw.exe (OK)
Match:		1.8.0_060
64-bit search:	SOFTWARE\JavaSoft\Java Development Kit...
Check:		SOFTWARE\JavaSoft\Java Development Kit\1.8
Ignore:		1.8
Check:		SOFTWARE\JavaSoft\Java Development Kit\1.8.0_60
Ignore:		1.8.0_060
Runtime used:	1.8.0_060 (64-bit)
Launcher:	C:\Program Files\Java\jre1.8.0_60\bin\javaw.exe
Launcher args:	-jar "C:\COMP CLASSES\UW Autumn 2016\CSS-584\Assignments\Assignment 1\CBIR.exe"
Args length:	79/32768 chars
Exit code:	0


Version:	3.9
CmdLine:	C:\COMP CLASSES\UW Autumn 2016\CSS-584\Assignments\Assignment 1\CBIR.exe --l4j-debug
WOW64:		yes
Working dir:	C:\COMP CLASSES\UW Autumn 2016\CSS-584\Assignments\Assignment 1\.
64-bit search:	SOFTWARE\JavaSoft\Java Runtime Environment...
Check:		SOFTWARE\JavaSoft\Java Runtime Environment\1.8
Check launcher:	C:\Program Files\Java\jre1.8.0_60\bin\javaw.exe (OK)
Match:		1.8
Check:		SOFTWARE\JavaSoft\Java Runtime Environment\1.8.0_60
Check launcher:	C:\Program Files\Java\jre1.8.0_60\bin\javaw.exe (OK)
Match:		1.8.0_060
64-bit search:	SOFTWARE\JavaSoft\Java Development Kit...
Check:		SOFTWARE\JavaSoft\Java Development Kit\1.8
Ignore:		1.8
Check:		SOFTWARE\JavaSoft\Java Development Kit\1.8.0_60
Ignore:		1.8.0_060
Runtime used:	1.8.0_060 (64-bit)
Launcher:	C:\Program Files\Java\jre1.8.0_60\bin\javaw.exe
Launcher args:	-jar "C:\COMP CLASSES\UW Autumn 2016\CSS-584\Assignments\Assignment 1\CBIR.exe"
Args length:	79/32768 chars
Exit code:	0


Version:	3.9
CmdLine:	C:\COMP CLASSES\UW Autumn 2016\CSS-584\Assignments\Assignment 1\readImage.exe --l4j-debug
WOW64:		yes
Working dir:	C:\COMP CLASSES\UW Autumn 2016\CSS-584\Assignments\Assignment 1\.
64-bit search:	SOFTWARE\JavaSoft\Java Runtime Environment...
Check:		SOFTWARE\JavaSoft\Java Runtime Environment\1.8
Check launcher:	C:\Program Files\Java\jre1.8.0_60\bin\javaw.exe (OK)
Match:		1.8
Check:		SOFTWARE\JavaSoft\Java Runtime Environment\1.8.0_60
Check launcher:	C:\Program Files\Java\jre1.8.0_60\bin\javaw.exe (OK)
Match:		1.8.0_060
64-bit search:	SOFTWARE\JavaSoft\Java Development Kit...
Check:		SOFTWARE\JavaSoft\Java Development Kit\1.8
Ignore:		1.8
Check:		SOFTWARE\JavaSoft\Java Development Kit\1.8.0_60
Ignore:		1.8.0_060
Runtime used:	1.8.0_060 (64-bit)
Launcher:	C:\Program Files\Java\jre1.8.0_60\bin\javaw.exe
Launcher args:	-jar "C:\COMP CLASSES\UW Autumn 2016\CSS-584\Assignments\Assignment 1\readImage.exe"
Args length:	84/32768 chars
Exit code:	0
